#
# There is insufficient memory for the Java Runtime Environment to continue.
# Native memory allocation (malloc) failed to allocate 1048576 bytes. Error detail: AllocateHeap
# Possible reasons:
#   The system is out of physical RAM or swap space
#   This process is running with CompressedOops enabled, and the Java Heap may be blocking the growth of the native heap
# Possible solutions:
#   Reduce memory load on the system
#   Increase physical memory or swap space
#   Check if swap backing store is full
#   Decrease Java heap size (-Xmx/-Xms)
#   Decrease number of Java threads
#   Decrease Java thread stack sizes (-Xss)
#   Set larger code cache with -XX:ReservedCodeCacheSize=
#   JVM is running with Unscaled Compressed Oops mode in which the Java heap is
#     placed in the first 4GB address space. The Java Heap base address is the
#     maximum limit for the native heap growth. Please use -XX:HeapBaseMinAddress
#     to set the Java Heap base and to place the Java Heap above 4GB virtual address.
# This output file may be truncated or incomplete.
#
#  Out of Memory Error (allocation.cpp:44), pid=24976, tid=23672
#
# JRE version:  (17.0.14+7) (build )
# Java VM: OpenJDK 64-Bit Server VM (17.0.14+7, mixed mode, sharing, tiered, compressed oops, compressed class ptrs, g1 gc, windows-amd64)
# No core dump will be written. Minidumps are not enabled by default on client versions of Windows
#

---------------  S U M M A R Y ------------

Command Line: -Xmx64m -Xms64m -Dorg.gradle.appname=gradlew org.gradle.wrapper.GradleWrapperMain app:installDebug -PreactNativeDevServerPort=8081

Host: Intel(R) Core(TM) i5-8265U CPU @ 1.60GHz, 8 cores, 7G,  Windows 10 , 64 bit Build 19041 (10.0.19041.5438)
Time: Sun Mar  9 12:11:15 2025 India Standard Time elapsed time: 0.026686 seconds (0d 0h 0m 0s)

---------------  T H R E A D  ---------------

Current thread (0x0000016cd91b3250):  JavaThread "Unknown thread" [_thread_in_vm, id=23672, stack(0x00000035b6f00000,0x00000035b7000000)]

Stack: [0x00000035b6f00000,0x00000035b7000000]
Native frames: (J=compiled Java code, j=interpreted, Vv=VM code, C=native code)
V  [jvm.dll+0x682eb9]
V  [jvm.dll+0x8399c8]
V  [jvm.dll+0x83b473]
V  [jvm.dll+0x83bae3]
V  [jvm.dll+0x24715f]
V  [jvm.dll+0xa7543]
V  [jvm.dll+0x2d7b87]
V  [jvm.dll+0x80b89f]
V  [jvm.dll+0x36b671]
V  [jvm.dll+0x7ea2cf]
V  [jvm.dll+0x3f226f]
V  [jvm.dll+0x3f3da1]
C  [jli.dll+0x5278]
C  [ucrtbase.dll+0x21bb2]
C  [KERNEL32.DLL+0x17374]
C  [ntdll.dll+0x4cc91]


---------------  P R O C E S S  ---------------

Threads class SMR info:
_java_thread_list=0x00007ffd29937f58, length=0, elements={
}

Java Threads: ( => current thread )

Other Threads:

=>0x0000016cd91b3250 (exited) JavaThread "Unknown thread" [_thread_in_vm, id=23672, stack(0x00000035b6f00000,0x00000035b7000000)]

Threads with active compile tasks:

VM state: not at safepoint (not fully initialized)

VM Mutex/Monitor currently owned by a thread: None

Heap address: 0x0000000000000000, size: 0 MB, Compressed Oops mode: 32-bit

CDS archive(s) mapped at: [0x0000000000000000-0x0000000000000000-0x0000000000000000), size 0, SharedBaseAddress: 0x0000000800000000, ArchiveRelocationMode: 1.
Narrow klass base: 0x0000000000000000, Narrow klass shift: 0, Narrow klass range: 0x0

GC Precious Log:
<Empty>

GC Heap History (0 events):
No events

Dll operation events (1 events):
Event: 0.014 Loaded shared library C:\Users\Arghya\AppData\Local\Programs\Eclipse Adoptium\jdk-17.0.14.7-hotspot\bin\java.dll

Deoptimization events (0 events):
No events

Classes loaded (0 events):
No events

Classes unloaded (0 events):
No events

Classes redefined (0 events):
No events

Internal exceptions (0 events):
No events

VM Operations (0 events):
No events

Memory protections (0 events):
No events

Nmethod flushes (0 events):
No events

Events (0 events):
No events


Dynamic libraries:
0x00007ff6174f0000 - 0x00007ff6174fe000 	C:\Users\Arghya\AppData\Local\Programs\Eclipse Adoptium\jdk-17.0.14.7-hotspot\bin\java.exe
0x00007ffda87f0000 - 0x00007ffda89e8000 	C:\WINDOWS\SYSTEM32\ntdll.dll
0x00007ffda6ad0000 - 0x00007ffda6b92000 	C:\WINDOWS\System32\KERNEL32.DLL
0x00007ffda6020000 - 0x00007ffda631f000 	C:\WINDOWS\System32\KERNELBASE.dll
0x00007ffda65f0000 - 0x00007ffda66f0000 	C:\WINDOWS\System32\ucrtbase.dll
0x00007ffd9d680000 - 0x00007ffd9d69e000 	C:\Users\Arghya\AppData\Local\Programs\Eclipse Adoptium\jdk-17.0.14.7-hotspot\bin\VCRUNTIME140.dll
0x00007ffd9e7a0000 - 0x00007ffd9e7b7000 	C:\Users\Arghya\AppData\Local\Programs\Eclipse Adoptium\jdk-17.0.14.7-hotspot\bin\jli.dll
0x00007ffda8560000 - 0x00007ffda86fd000 	C:\WINDOWS\System32\USER32.dll
0x00007ffda6320000 - 0x00007ffda6342000 	C:\WINDOWS\System32\win32u.dll
0x00007ffd96f20000 - 0x00007ffd971ba000 	C:\WINDOWS\WinSxS\amd64_microsoft.windows.common-controls_6595b64144ccf1df_6.0.19041.4355_none_60b8b9eb71f62e16\COMCTL32.dll
0x00007ffda69e0000 - 0x00007ffda6a0b000 	C:\WINDOWS\System32\GDI32.dll
0x00007ffda6940000 - 0x00007ffda69de000 	C:\WINDOWS\System32\msvcrt.dll
0x00007ffda66f0000 - 0x00007ffda680a000 	C:\WINDOWS\System32\gdi32full.dll
0x00007ffda6350000 - 0x00007ffda63ed000 	C:\WINDOWS\System32\msvcp_win.dll
0x00007ffda8530000 - 0x00007ffda855f000 	C:\WINDOWS\System32\IMM32.DLL
0x00007ffda1c20000 - 0x00007ffda1c2c000 	C:\Users\Arghya\AppData\Local\Programs\Eclipse Adoptium\jdk-17.0.14.7-hotspot\bin\vcruntime140_1.dll
0x00007ffd76be0000 - 0x00007ffd76c6d000 	C:\Users\Arghya\AppData\Local\Programs\Eclipse Adoptium\jdk-17.0.14.7-hotspot\bin\msvcp140.dll
0x00007ffd28e00000 - 0x00007ffd29a6b000 	C:\Users\Arghya\AppData\Local\Programs\Eclipse Adoptium\jdk-17.0.14.7-hotspot\bin\server\jvm.dll
0x00007ffda6a10000 - 0x00007ffda6abf000 	C:\WINDOWS\System32\ADVAPI32.dll
0x00007ffda71e0000 - 0x00007ffda727f000 	C:\WINDOWS\System32\sechost.dll
0x00007ffda6810000 - 0x00007ffda6933000 	C:\WINDOWS\System32\RPCRT4.dll
0x00007ffda5e90000 - 0x00007ffda5eb7000 	C:\WINDOWS\System32\bcrypt.dll
0x00007ffda7c70000 - 0x00007ffda7cdb000 	C:\WINDOWS\System32\WS2_32.dll
0x00007ffda5910000 - 0x00007ffda595b000 	C:\WINDOWS\SYSTEM32\POWRPROF.dll
0x00007ffda11d0000 - 0x00007ffda11da000 	C:\WINDOWS\SYSTEM32\VERSION.dll
0x00007ffd953b0000 - 0x00007ffd953d7000 	C:\WINDOWS\SYSTEM32\WINMM.dll
0x00007ffda58f0000 - 0x00007ffda5902000 	C:\WINDOWS\SYSTEM32\UMPDC.dll
0x00007ffda46b0000 - 0x00007ffda46c2000 	C:\WINDOWS\SYSTEM32\kernel.appcore.dll
0x00007ffd9ed70000 - 0x00007ffd9ed7a000 	C:\Users\Arghya\AppData\Local\Programs\Eclipse Adoptium\jdk-17.0.14.7-hotspot\bin\jimage.dll
0x00007ffda43e0000 - 0x00007ffda45c4000 	C:\WINDOWS\SYSTEM32\DBGHELP.DLL
0x00007ffd969f0000 - 0x00007ffd96a24000 	C:\WINDOWS\SYSTEM32\dbgcore.DLL
0x00007ffda64a0000 - 0x00007ffda6522000 	C:\WINDOWS\System32\bcryptPrimitives.dll
0x00007ffd89670000 - 0x00007ffd89695000 	C:\Users\Arghya\AppData\Local\Programs\Eclipse Adoptium\jdk-17.0.14.7-hotspot\bin\java.dll

dbghelp: loaded successfully - version: 4.0.5 - missing functions: none
symbol engine: initialized successfully - sym options: 0x614 - pdb path: .;C:\Users\Arghya\AppData\Local\Programs\Eclipse Adoptium\jdk-17.0.14.7-hotspot\bin;C:\WINDOWS\SYSTEM32;C:\WINDOWS\WinSxS\amd64_microsoft.windows.common-controls_6595b64144ccf1df_6.0.19041.4355_none_60b8b9eb71f62e16;C:\Users\Arghya\AppData\Local\Programs\Eclipse Adoptium\jdk-17.0.14.7-hotspot\bin\server

VM Arguments:
jvm_args: -Xmx64m -Xms64m -Dorg.gradle.appname=gradlew 
java_command: org.gradle.wrapper.GradleWrapperMain app:installDebug -PreactNativeDevServerPort=8081
java_class_path (initial): C:\Users\Arghya\ToDo\android\\gradle\wrapper\gradle-wrapper.jar
Launcher Type: SUN_STANDARD

[Global flags]
     intx CICompilerCount                          = 4                                         {product} {ergonomic}
     uint ConcGCThreads                            = 2                                         {product} {ergonomic}
     uint G1ConcRefinementThreads                  = 8                                         {product} {ergonomic}
   size_t G1HeapRegionSize                         = 1048576                                   {product} {ergonomic}
    uintx GCDrainStackTargetSize                   = 64                                        {product} {ergonomic}
   size_t InitialHeapSize                          = 67108864                                  {product} {command line}
   size_t MarkStackSize                            = 4194304                                   {product} {ergonomic}
   size_t MaxHeapSize                              = 67108864                                  {product} {command line}
   size_t MinHeapDeltaBytes                        = 1048576                                   {product} {ergonomic}
   size_t MinHeapSize                              = 67108864                                  {product} {command line}
    uintx NonNMethodCodeHeapSize                   = 5839372                                {pd product} {ergonomic}
    uintx NonProfiledCodeHeapSize                  = 122909434                              {pd product} {ergonomic}
    uintx ProfiledCodeHeapSize                     = 122909434                              {pd product} {ergonomic}
    uintx ReservedCodeCacheSize                    = 251658240                              {pd product} {ergonomic}
     bool SegmentedCodeCache                       = true                                      {product} {ergonomic}
   size_t SoftMaxHeapSize                          = 67108864                               {manageable} {ergonomic}
     bool UseCompressedClassPointers               = true                           {product lp64_product} {ergonomic}
     bool UseCompressedOops                        = true                           {product lp64_product} {ergonomic}
     bool UseG1GC                                  = true                                      {product} {ergonomic}
     bool UseLargePagesIndividualAllocation        = false                                  {pd product} {ergonomic}

Logging:
Log output configuration:
 #0: stdout all=warning uptime,level,tags
 #1: stderr all=off uptime,level,tags

Environment Variables:
JAVA_HOME=C:\Users\Arghya\AppData\Local\Programs\Eclipse Adoptium\jdk-17.0.14.7-hotspot
CLASSPATH=C:\Users\Arghya\ToDo\android\\gradle\wrapper\gradle-wrapper.jar
PATH=C:\Users\Arghya\ToDo\node_modules\.bin;C:\Users\Arghya\ToDo\node_modules\.bin;C:\Users\Arghya\node_modules\.bin;C:\Users\node_modules\.bin;C:\node_modules\.bin;C:\Users\Arghya\AppData\Roaming\npm\node_modules\npm\node_modules\@npmcli\run-script\lib\node-gyp-bin;C:\Python313\Scripts\;C:\Python313\;C:\Program Files (x86)\VMware\VMware Workstation\bin\;C:\Program Files (x86)\NVIDIA Corporation\PhysX\Common;C:\Program Files (x86)\Intel\Intel(R) Management Engine Components\iCLS\;C:\Program Files\Intel\Intel(R) Management Engine Components\iCLS\;C:\WINDOWS\system32;C:\WINDOWS;C:\WINDOWS\System32\Wbem;C:\WINDOWS\System32\WindowsPowerShell\v1.0\;C:\WINDOWS\System32\OpenSSH\;C:\Program Files (x86)\Intel\Intel(R) Management Engine Components\DAL;C:\Program Files\Intel\Intel(R) Management Engine Components\DAL;C:\Program Files\Intel\WiFi\bin\;C:\Program Files\Common Files\Intel\WirelessCommon\;C:\Program Files (x86)\dotnet\;C:\ProgramData\chocolatey\bin;C:\Users\Arghya\AppData\Roaming\Microsoft\Windows\Start Menu\Programs\Python 3.10;C:\Users\Arghya\AppData\Roaming\Microsoft\Windows\Start Menu\Programs\Python 3.10\;C:\Users\Arghya\AppData\Roaming\Microsoft\Windows\Start Menu\Programs\Python 3.10\Scripts\;C:\Program Files\Git\cmd;C:\tools\flutter_windows_3.27.3-stable\flutter\;C:\Users\Arghya\AppData\Local\Android\sdk\platform-tools;C:\Users\Arghya\AppData\Local\Android\sdk\cmdline-tools\latest\bin;C:\Users\Arghya\AppData\Local\Android\sdk\tools;C:\Users\Arghya\AppData\Local\Android\sdk\tools\bin;C:\tools\nodejs\;C:\tools\nodejs\npm;C:\Program Files\nodejs\;C:\Program Files\nodejs;C:\Program Files\nodejs;C:\Users\Arghya\AppData\Local\Programs\Eclipse Adoptium\jdk-17.0.14.7-hotspot\bin;C:\Users\Arghya\AppData\Local\Microsoft\WindowsApps;C:\Program Files\JetBrains\PyCharm Community Edition 2023.1\bin;;C:\Program Files\JetBrains\IntelliJ IDEA Community Edition 2022.2.3\bin;;C:\Users\Arghya\AppData\Local\Programs\Microsoft VS Code\bin;C:\tools\dart-sdk\bin;C:\Users\Arghya\AppData\Local\Pub\Cache\bin;C:\tools\flutter\bin;C:\Users\Arghya\AppData\Roaming\npm
USERNAME=Arghya
OS=Windows_NT
PROCESSOR_IDENTIFIER=Intel64 Family 6 Model 142 Stepping 11, GenuineIntel
TMP=C:\Users\Arghya\AppData\Local\Temp
TEMP=C:\Users\Arghya\AppData\Local\Temp



Periodic native trim disabled


---------------  S Y S T E M  ---------------

OS:
 Windows 10 , 64 bit Build 19041 (10.0.19041.5438)
OS uptime: 2 days 14:56 hours

CPU: total 8 (initial active 8) (4 cores per cpu, 2 threads per core) family 6 model 142 stepping 11 microcode 0xb8, cx8, cmov, fxsr, ht, mmx, 3dnowpref, sse, sse2, sse3, ssse3, sse4.1, sse4.2, popcnt, lzcnt, tsc, tscinvbit, avx, avx2, aes, erms, clmul, bmi1, bmi2, adx, fma, vzeroupper, clflush, clflushopt
Processor Information for all 8 processors :
  Max Mhz: 1800, Current Mhz: 1600, Mhz Limit: 1584

Memory: 4k page, system-wide physical 8006M (506M free)
TotalPageFile size 32582M (AvailPageFile size 4M)
current process WorkingSet (physical memory assigned to process): 9M, peak: 9M
current process commit charge ("private bytes"): 12M, peak: 13M

vm_info: OpenJDK 64-Bit Server VM (17.0.14+7) for windows-amd64 JRE (17.0.14+7), built on Jan 21 2025 23:40:15 by "admin" with MS VC++ 17.7 (VS2022)

END.
